{"/Users/gabriel/Documents/entrevista/desafios/to-do/backend/src/controllers/task/CreateTaskController.ts": {"path":"/Users/gabriel/Documents/entrevista/desafios/to-do/backend/src/controllers/task/CreateTaskController.ts","statementMap":{"0":{"start":{"line":2,"column":0},"end":{"line":2,"column":74}},"1":{"start":{"line":7,"column":8},"end":{"line":23,"column":11}},"2":{"start":{"line":8,"column":57},"end":{"line":8,"column":69}},"3":{"start":{"line":9,"column":28},"end":{"line":9,"column":43}},"4":{"start":{"line":11,"column":38},"end":{"line":11,"column":61}},"5":{"start":{"line":13,"column":25},"end":{"line":18,"column":14}},"6":{"start":{"line":20,"column":12},"end":{"line":20,"column":51}},"7":{"start":{"line":22,"column":12},"end":{"line":22,"column":69}},"8":{"start":{"line":28,"column":9},"end":{"line":28,"column":29}}},"fnMap":{"0":{"name":"(anonymous_0)","decl":{"start":{"line":6,"column":4},"end":{"line":6,"column":9}},"loc":{"start":{"line":6,"column":53},"end":{"line":24,"column":5}}}},"branchMap":{},"s":{"0":1,"1":2,"2":2,"3":2,"4":2,"5":2,"6":1,"7":1,"8":1},"f":{"0":2},"b":{}}
,"/Users/gabriel/Documents/entrevista/desafios/to-do/backend/src/controllers/task/ListTaskController.ts": {"path":"/Users/gabriel/Documents/entrevista/desafios/to-do/backend/src/controllers/task/ListTaskController.ts","statementMap":{"0":{"start":{"line":2,"column":0},"end":{"line":2,"column":70}},"1":{"start":{"line":7,"column":8},"end":{"line":19,"column":9}},"2":{"start":{"line":8,"column":28},"end":{"line":8,"column":43}},"3":{"start":{"line":10,"column":36},"end":{"line":10,"column":57}},"4":{"start":{"line":12,"column":25},"end":{"line":14,"column":14}},"5":{"start":{"line":16,"column":12},"end":{"line":16,"column":51}},"6":{"start":{"line":18,"column":12},"end":{"line":18,"column":69}},"7":{"start":{"line":24,"column":9},"end":{"line":24,"column":27}}},"fnMap":{"0":{"name":"(anonymous_0)","decl":{"start":{"line":6,"column":4},"end":{"line":6,"column":9}},"loc":{"start":{"line":6,"column":53},"end":{"line":20,"column":5}}}},"branchMap":{},"s":{"0":1,"1":2,"2":2,"3":2,"4":2,"5":1,"6":1,"7":1},"f":{"0":2},"b":{}}
,"/Users/gabriel/Documents/entrevista/desafios/to-do/backend/src/controllers/user/AuthUserController.ts": {"path":"/Users/gabriel/Documents/entrevista/desafios/to-do/backend/src/controllers/user/AuthUserController.ts","statementMap":{"0":{"start":{"line":2,"column":0},"end":{"line":2,"column":70}},"1":{"start":{"line":7,"column":8},"end":{"line":20,"column":9}},"2":{"start":{"line":8,"column":40},"end":{"line":8,"column":52}},"3":{"start":{"line":10,"column":36},"end":{"line":10,"column":57}},"4":{"start":{"line":12,"column":28},"end":{"line":15,"column":14}},"5":{"start":{"line":17,"column":12},"end":{"line":17,"column":42}},"6":{"start":{"line":19,"column":12},"end":{"line":19,"column":69}},"7":{"start":{"line":24,"column":9},"end":{"line":24,"column":27}}},"fnMap":{"0":{"name":"(anonymous_0)","decl":{"start":{"line":6,"column":4},"end":{"line":6,"column":9}},"loc":{"start":{"line":6,"column":53},"end":{"line":21,"column":5}}}},"branchMap":{},"s":{"0":1,"1":2,"2":2,"3":2,"4":2,"5":1,"6":1,"7":1},"f":{"0":2},"b":{}}
,"/Users/gabriel/Documents/entrevista/desafios/to-do/backend/src/controllers/user/CreateUserController.ts": {"path":"/Users/gabriel/Documents/entrevista/desafios/to-do/backend/src/controllers/user/CreateUserController.ts","statementMap":{"0":{"start":{"line":2,"column":0},"end":{"line":2,"column":74}},"1":{"start":{"line":7,"column":8},"end":{"line":16,"column":11}},"2":{"start":{"line":8,"column":46},"end":{"line":8,"column":58}},"3":{"start":{"line":10,"column":28},"end":{"line":10,"column":51}},"4":{"start":{"line":11,"column":25},"end":{"line":11,"column":73}},"5":{"start":{"line":13,"column":12},"end":{"line":13,"column":51}},"6":{"start":{"line":15,"column":12},"end":{"line":15,"column":69}},"7":{"start":{"line":21,"column":9},"end":{"line":21,"column":29}}},"fnMap":{"0":{"name":"(anonymous_0)","decl":{"start":{"line":6,"column":4},"end":{"line":6,"column":9}},"loc":{"start":{"line":6,"column":53},"end":{"line":17,"column":5}}}},"branchMap":{},"s":{"0":1,"1":2,"2":2,"3":2,"4":2,"5":1,"6":1,"7":1},"f":{"0":2},"b":{}}
,"/Users/gabriel/Documents/entrevista/desafios/to-do/backend/src/prisma/index.ts": {"path":"/Users/gabriel/Documents/entrevista/desafios/to-do/backend/src/prisma/index.ts","statementMap":{"0":{"start":{"line":1,"column":0},"end":{"line":1,"column":45}},"1":{"start":{"line":3,"column":15},"end":{"line":3,"column":33}},"2":{"start":{"line":5,"column":0},"end":{"line":5,"column":22}}},"fnMap":{},"branchMap":{},"s":{"0":4,"1":4,"2":4},"f":{},"b":{}}
,"/Users/gabriel/Documents/entrevista/desafios/to-do/backend/src/services/task/CreateTaskService.ts": {"path":"/Users/gabriel/Documents/entrevista/desafios/to-do/backend/src/services/task/CreateTaskService.ts","statementMap":{"0":{"start":{"line":1,"column":0},"end":{"line":1,"column":34}},"1":{"start":{"line":3,"column":0},"end":{"line":3,"column":null}},"2":{"start":{"line":4,"column":4},"end":{"line":4,"column":null}},"3":{"start":{"line":5,"column":4},"end":{"line":5,"column":null}},"4":{"start":{"line":6,"column":4},"end":{"line":6,"column":null}},"5":{"start":{"line":20,"column":8},"end":{"line":22,"column":9}},"6":{"start":{"line":21,"column":12},"end":{"line":21,"column":68}},"7":{"start":{"line":24,"column":8},"end":{"line":26,"column":9}},"8":{"start":{"line":25,"column":12},"end":{"line":25,"column":65}},"9":{"start":{"line":28,"column":8},"end":{"line":30,"column":9}},"10":{"start":{"line":29,"column":12},"end":{"line":29,"column":78}},"11":{"start":{"line":32,"column":21},"end":{"line":39,"column":10}},"12":{"start":{"line":41,"column":8},"end":{"line":41,"column":20}},"13":{"start":{"line":46,"column":9},"end":{"line":46,"column":26}}},"fnMap":{"0":{"name":"(anonymous_1)","decl":{"start":{"line":3,"column":0},"end":{"line":3,"column":5}},"loc":{"start":{"line":3,"column":13},"end":{"line":7,"column":1}}},"1":{"name":"(anonymous_2)","decl":{"start":{"line":18,"column":4},"end":{"line":18,"column":9}},"loc":{"start":{"line":18,"column":82},"end":{"line":42,"column":5}}}},"branchMap":{"0":{"loc":{"start":{"line":3,"column":5},"end":{"line":3,"column":null}},"type":"binary-expr","locations":[{"start":{"line":3,"column":5},"end":{"line":3,"column":13}},{"start":{"line":3,"column":5},"end":{"line":3,"column":null}}]},"1":{"loc":{"start":{"line":20,"column":8},"end":{"line":22,"column":9}},"type":"if","locations":[{"start":{"line":20,"column":8},"end":{"line":22,"column":9}}]},"2":{"loc":{"start":{"line":24,"column":8},"end":{"line":26,"column":9}},"type":"if","locations":[{"start":{"line":24,"column":8},"end":{"line":26,"column":9}}]},"3":{"loc":{"start":{"line":28,"column":8},"end":{"line":30,"column":9}},"type":"if","locations":[{"start":{"line":28,"column":8},"end":{"line":30,"column":9}}]}},"s":{"0":1,"1":1,"2":1,"3":1,"4":1,"5":0,"6":0,"7":0,"8":0,"9":0,"10":0,"11":0,"12":0,"13":1},"f":{"0":1,"1":0},"b":{"0":[1,1],"1":[0],"2":[0],"3":[0]}}
,"/Users/gabriel/Documents/entrevista/desafios/to-do/backend/src/services/task/ListTaskService.ts": {"path":"/Users/gabriel/Documents/entrevista/desafios/to-do/backend/src/services/task/ListTaskService.ts","statementMap":{"0":{"start":{"line":1,"column":0},"end":{"line":1,"column":34}},"1":{"start":{"line":3,"column":0},"end":{"line":3,"column":null}},"2":{"start":{"line":4,"column":4},"end":{"line":4,"column":null}},"3":{"start":{"line":5,"column":4},"end":{"line":5,"column":null}},"4":{"start":{"line":6,"column":4},"end":{"line":6,"column":null}},"5":{"start":{"line":17,"column":21},"end":{"line":21,"column":10}},"6":{"start":{"line":23,"column":8},"end":{"line":23,"column":20}},"7":{"start":{"line":28,"column":9},"end":{"line":28,"column":24}}},"fnMap":{"0":{"name":"(anonymous_1)","decl":{"start":{"line":3,"column":0},"end":{"line":3,"column":5}},"loc":{"start":{"line":3,"column":13},"end":{"line":7,"column":1}}},"1":{"name":"(anonymous_2)","decl":{"start":{"line":15,"column":4},"end":{"line":15,"column":9}},"loc":{"start":{"line":15,"column":46},"end":{"line":24,"column":5}}}},"branchMap":{"0":{"loc":{"start":{"line":3,"column":5},"end":{"line":3,"column":null}},"type":"binary-expr","locations":[{"start":{"line":3,"column":5},"end":{"line":3,"column":13}},{"start":{"line":3,"column":5},"end":{"line":3,"column":null}}]}},"s":{"0":1,"1":1,"2":1,"3":1,"4":1,"5":0,"6":0,"7":1},"f":{"0":1,"1":0},"b":{"0":[1,1]}}
,"/Users/gabriel/Documents/entrevista/desafios/to-do/backend/src/services/user/AuthUserService.ts": {"path":"/Users/gabriel/Documents/entrevista/desafios/to-do/backend/src/services/user/AuthUserService.ts","statementMap":{"0":{"start":{"line":1,"column":0},"end":{"line":1,"column":40}},"1":{"start":{"line":2,"column":0},"end":{"line":2,"column":35}},"2":{"start":{"line":3,"column":0},"end":{"line":3,"column":36}},"3":{"start":{"line":14,"column":21},"end":{"line":18,"column":10}},"4":{"start":{"line":20,"column":8},"end":{"line":22,"column":9}},"5":{"start":{"line":21,"column":12},"end":{"line":21,"column":53}},"6":{"start":{"line":24,"column":30},"end":{"line":24,"column":69}},"7":{"start":{"line":26,"column":8},"end":{"line":28,"column":9}},"8":{"start":{"line":27,"column":12},"end":{"line":27,"column":56}},"9":{"start":{"line":30,"column":8},"end":{"line":32,"column":9}},"10":{"start":{"line":31,"column":12},"end":{"line":31,"column":63}},"11":{"start":{"line":34,"column":22},"end":{"line":43,"column":null}},"12":{"start":{"line":46,"column":8},"end":{"line":51,"column":null}},"13":{"start":{"line":56,"column":9},"end":{"line":56,"column":24}}},"fnMap":{"0":{"name":"(anonymous_1)","decl":{"start":{"line":12,"column":4},"end":{"line":12,"column":9}},"loc":{"start":{"line":12,"column":54},"end":{"line":52,"column":5}}}},"branchMap":{"0":{"loc":{"start":{"line":20,"column":8},"end":{"line":22,"column":9}},"type":"if","locations":[{"start":{"line":20,"column":8},"end":{"line":22,"column":9}}]},"1":{"loc":{"start":{"line":26,"column":8},"end":{"line":28,"column":9}},"type":"if","locations":[{"start":{"line":26,"column":8},"end":{"line":28,"column":9}}]},"2":{"loc":{"start":{"line":30,"column":8},"end":{"line":32,"column":9}},"type":"if","locations":[{"start":{"line":30,"column":8},"end":{"line":32,"column":9}}]}},"s":{"0":1,"1":1,"2":1,"3":0,"4":0,"5":0,"6":0,"7":0,"8":0,"9":0,"10":0,"11":0,"12":0,"13":1},"f":{"0":0},"b":{"0":[0],"1":[0],"2":[0]}}
,"/Users/gabriel/Documents/entrevista/desafios/to-do/backend/src/services/user/CreateUserService.ts": {"path":"/Users/gabriel/Documents/entrevista/desafios/to-do/backend/src/services/user/CreateUserService.ts","statementMap":{"0":{"start":{"line":1,"column":0},"end":{"line":1,"column":34}},"1":{"start":{"line":2,"column":0},"end":{"line":2,"column":32}},"2":{"start":{"line":14,"column":8},"end":{"line":16,"column":9}},"3":{"start":{"line":15,"column":12},"end":{"line":15,"column":47}},"4":{"start":{"line":18,"column":34},"end":{"line":22,"column":10}},"5":{"start":{"line":24,"column":8},"end":{"line":26,"column":9}},"6":{"start":{"line":25,"column":12},"end":{"line":25,"column":55}},"7":{"start":{"line":28,"column":29},"end":{"line":28,"column":52}},"8":{"start":{"line":30,"column":21},"end":{"line":41,"column":10}},"9":{"start":{"line":43,"column":8},"end":{"line":43,"column":20}},"10":{"start":{"line":48,"column":9},"end":{"line":48,"column":26}}},"fnMap":{"0":{"name":"(anonymous_1)","decl":{"start":{"line":12,"column":4},"end":{"line":12,"column":9}},"loc":{"start":{"line":12,"column":56},"end":{"line":44,"column":5}}}},"branchMap":{"0":{"loc":{"start":{"line":14,"column":8},"end":{"line":16,"column":9}},"type":"if","locations":[{"start":{"line":14,"column":8},"end":{"line":16,"column":9}}]},"1":{"loc":{"start":{"line":24,"column":8},"end":{"line":26,"column":9}},"type":"if","locations":[{"start":{"line":24,"column":8},"end":{"line":26,"column":9}}]}},"s":{"0":1,"1":1,"2":0,"3":0,"4":0,"5":0,"6":0,"7":0,"8":0,"9":0,"10":1},"f":{"0":0},"b":{"0":[0],"1":[0]}}
}
