TN:
SF:src/controllers/task/CreateTaskController.ts
FN:6,(anonymous_0)
FNF:1
FNH:1
FNDA:2,(anonymous_0)
DA:2,1
DA:7,2
DA:8,2
DA:9,2
DA:11,2
DA:13,2
DA:20,1
DA:22,1
DA:28,1
LF:9
LH:9
BRF:0
BRH:0
end_of_record
TN:
SF:src/controllers/task/ListTaskController.ts
FN:6,(anonymous_0)
FNF:1
FNH:1
FNDA:2,(anonymous_0)
DA:2,1
DA:7,2
DA:8,2
DA:10,2
DA:12,2
DA:16,1
DA:18,1
DA:24,1
LF:8
LH:8
BRF:0
BRH:0
end_of_record
TN:
SF:src/controllers/user/AuthUserController.ts
FN:6,(anonymous_0)
FNF:1
FNH:1
FNDA:2,(anonymous_0)
DA:2,1
DA:7,2
DA:8,2
DA:10,2
DA:12,2
DA:17,1
DA:19,1
DA:24,1
LF:8
LH:8
BRF:0
BRH:0
end_of_record
TN:
SF:src/controllers/user/CreateUserController.ts
FN:6,(anonymous_0)
FNF:1
FNH:1
FNDA:2,(anonymous_0)
DA:2,1
DA:7,2
DA:8,2
DA:10,2
DA:11,2
DA:13,1
DA:15,1
DA:21,1
LF:8
LH:8
BRF:0
BRH:0
end_of_record
TN:
SF:src/prisma/index.ts
FNF:0
FNH:0
DA:1,4
DA:3,4
DA:5,4
LF:3
LH:3
BRF:0
BRH:0
end_of_record
TN:
SF:src/services/task/CreateTaskService.ts
FN:3,(anonymous_1)
FN:18,(anonymous_2)
FNF:2
FNH:1
FNDA:1,(anonymous_1)
FNDA:0,(anonymous_2)
DA:1,1
DA:3,1
DA:4,1
DA:5,1
DA:6,1
DA:20,0
DA:21,0
DA:24,0
DA:25,0
DA:28,0
DA:29,0
DA:32,0
DA:41,0
DA:46,1
LF:14
LH:6
BRDA:3,0,0,1
BRDA:3,0,1,1
BRDA:20,1,0,0
BRDA:24,2,0,0
BRDA:28,3,0,0
BRF:5
BRH:2
end_of_record
TN:
SF:src/services/task/ListTaskService.ts
FN:3,(anonymous_1)
FN:15,(anonymous_2)
FNF:2
FNH:1
FNDA:1,(anonymous_1)
FNDA:0,(anonymous_2)
DA:1,1
DA:3,1
DA:4,1
DA:5,1
DA:6,1
DA:17,0
DA:23,0
DA:28,1
LF:8
LH:6
BRDA:3,0,0,1
BRDA:3,0,1,1
BRF:2
BRH:2
end_of_record
TN:
SF:src/services/user/AuthUserService.ts
FN:12,(anonymous_1)
FNF:1
FNH:0
FNDA:0,(anonymous_1)
DA:1,1
DA:2,1
DA:3,1
DA:14,0
DA:20,0
DA:21,0
DA:24,0
DA:26,0
DA:27,0
DA:30,0
DA:31,0
DA:34,0
DA:46,0
DA:56,1
LF:14
LH:4
BRDA:20,0,0,0
BRDA:26,1,0,0
BRDA:30,2,0,0
BRF:3
BRH:0
end_of_record
TN:
SF:src/services/user/CreateUserService.ts
FN:12,(anonymous_1)
FNF:1
FNH:0
FNDA:0,(anonymous_1)
DA:1,1
DA:2,1
DA:14,0
DA:15,0
DA:18,0
DA:24,0
DA:25,0
DA:28,0
DA:30,0
DA:43,0
DA:48,1
LF:11
LH:3
BRDA:14,0,0,0
BRDA:24,1,0,0
BRF:2
BRH:0
end_of_record
